{"uuid":"1a80f2ab-aa99-466d-8486-ec559ffe6596","historyId":"286ddc006b13b3ba4ef02e48ef6687d3","testCaseId":"[engine:junit-jupiter]/[class:ui.ElementsTests]/[method:shouldOpenTextBoxPageAndAcceptCorrectValues()]","testCaseName":"shouldOpenTextBoxPageAndAcceptCorrectValues()","fullName":"ui.ElementsTests.shouldOpenTextBoxPageAndAcceptCorrectValues","labels":[{"name":"junit.platform.uniqueid","value":"[engine:junit-jupiter]/[class:ui.ElementsTests]/[method:shouldOpenTextBoxPageAndAcceptCorrectValues()]"},{"name":"host","value":"Comp"},{"name":"thread","value":"6640@Comp.Test worker(1)"},{"name":"framework","value":"junit-platform"},{"name":"language","value":"java"},{"name":"package","value":"ui.ElementsTests"},{"name":"testClass","value":"ui.ElementsTests"},{"name":"testMethod","value":"shouldOpenTextBoxPageAndAcceptCorrectValues"},{"name":"suite","value":"ui.ElementsTests"}],"links":[],"name":"shouldOpenTextBoxPageAndAcceptCorrectValues()","status":"failed","statusDetails":{"known":false,"muted":false,"flaky":false,"message":"Element not found {.element-group.findBy(text \"Elements\")/.menu-list.findBy(text \"#item-0\")}\r\nExpected: clickable: interactable and enabled\r\nScreenshot: file:/C:/Users/Dima/IdeaProjects/PetProjectQA/build/reports/tests/1745421971364.0.png\r\nPage source: file:/C:/Users/Dima/IdeaProjects/PetProjectQA/build/reports/tests/1745421971364.0.html\r\nTimeout: 4 s.\r\nCaused by: NoSuchElementException: Cannot locate an element .element-group.findBy(text \"Elements\")/.menu-list.findBy(text \"#item-0\")","trace":"Element not found {.element-group.findBy(text \"Elements\")/.menu-list.findBy(text \"#item-0\")}\r\nExpected: clickable: interactable and enabled\r\nScreenshot: file:/C:/Users/Dima/IdeaProjects/PetProjectQA/build/reports/tests/1745421971364.0.png\r\nPage source: file:/C:/Users/Dima/IdeaProjects/PetProjectQA/build/reports/tests/1745421971364.0.html\r\nTimeout: 4 s.\r\nCaused by: NoSuchElementException: Cannot locate an element .element-group.findBy(text \"Elements\")/.menu-list.findBy(text \"#item-0\")\r\n\tat com.codeborne.selenide.impl.WebElementSource.createElementNotFoundError(WebElementSource.java:89)\r\n\tat com.codeborne.selenide.impl.WebElementSource.handleError(WebElementSource.java:141)\r\n\tat com.codeborne.selenide.impl.WebElementSource.checkConditionAndReturnElement(WebElementSource.java:125)\r\n\tat com.codeborne.selenide.impl.WebElementSource.findAndAssertElementIsClickable(WebElementSource.java:171)\r\n\tat com.codeborne.selenide.commands.Click.findElement(Click.java:53)\r\n\tat com.codeborne.selenide.commands.Click.execute(Click.java:34)\r\n\tat com.codeborne.selenide.commands.Click.execute(Click.java:26)\r\n\tat com.codeborne.selenide.commands.Commands.execute(Commands.java:162)\r\n\tat com.codeborne.selenide.impl.SelenideElementProxy.dispatchAndRetry(SelenideElementProxy.java:134)\r\n\tat com.codeborne.selenide.impl.SelenideElementProxy.invoke(SelenideElementProxy.java:86)\r\n\tat jdk.proxy3/jdk.proxy3.$Proxy14.click(Unknown Source)\r\n\tat ui.Page.ElementsPage.clickOnMenuList(ElementsPage.java:27)\r\n\tat ui.ElementsTests.shouldOpenTextBoxPageAndAcceptCorrectValues(ElementsTests.java:35)\r\n\tat java.base/java.lang.reflect.Method.invoke(Method.java:580)\r\n\tat java.base/java.util.ArrayList.forEach(ArrayList.java:1597)\r\n\tat java.base/java.util.ArrayList.forEach(ArrayList.java:1597)\r\nCaused by: org.openqa.selenium.NoSuchElementException: Cannot locate an element .element-group.findBy(text \"Elements\")/.menu-list.findBy(text \"#item-0\")\nFor documentation on this error, please visit: https://www.selenium.dev/documentation/webdriver/troubleshooting/errors#no-such-element-exception\nBuild info: version: '4.18.1', revision: 'b1d3319b48'\nSystem info: os.name: 'Windows 10', os.arch: 'amd64', os.version: '10.0', java.version: '23.0.2'\nDriver info: driver.version: unknown\r\n\tat com.codeborne.selenide.impl.CollectionElementByCondition.getWebElement(CollectionElementByCondition.java:55)\r\n\tat com.codeborne.selenide.impl.WebElementSource.checkConditionAndReturnElement(WebElementSource.java:114)\r\n\t... 13 more\r\n"},"stage":"finished","description":"","steps":[],"attachments":[],"parameters":[],"start":1745421962461,"stop":1745421971739}